Internal Server Error: /static/css/base_style.css
Internal Server Error: /static/css/base_header.css
Internal Server Error: /static/images/base/крестик.svg
Internal Server Error: /static/css/designs/designs.css
Internal Server Error: /static/css/designs/modal.css
Internal Server Error: /static/js/designs/designs.js
Internal Server Error: /static/images/add.svg
Internal Server Error: /static/images/greenimg.png
Internal Server Error: /static/js/base/script.js
Internal Server Error: /static/images/add.svg
Internal Server Error: /static/images/greenimg.png
Internal Server Error: /files124124/
Internal Server Error: /static/css/base_style.css
Internal Server Error: /static/css/base_header.css
Internal Server Error: /static/css/designs/designs.css
Internal Server Error: /static/images/base/крестик.svg
Internal Server Error: /static/js/designs/designs.js
Internal Server Error: /static/css/designs/modal.css
Internal Server Error: /static/images/greenimg.png
Internal Server Error: /static/images/add.svg
Internal Server Error: /static/js/base/script.js
Internal Server Error: /static/images/add.svg
Internal Server Error: /static/images/greenimg.png
Internal Server Error: /static/css/base_style.css
Internal Server Error: /static/css/base_header.css
Internal Server Error: /static/images/base/крестик.svg
Internal Server Error: /static/css/designs/designs.css
Internal Server Error: /static/css/designs/modal.css
Internal Server Error: /static/js/designs/designs.js
Internal Server Error: /static/images/add.svg
Internal Server Error: /static/images/greenimg.png
Internal Server Error: /static/js/base/script.js
Internal Server Error: /static/images/add.svg
Internal Server Error: /static/images/greenimg.png
Internal Server Error: /static/images/base/base_icon.svg
